<?xml version="1.0" encoding="UTF-8"?>
<!-- Generated by org.testng.reporters.JUnitXMLReporter -->
<testsuite ignored="0" hostname="Vaishnavis-MacBook-Pro.local" failures="1" tests="2" name="Test" time="25.621" errors="0" timestamp="2024-02-16T10:13:47 IST">
  <testcase classname="com.aapoon.test.loginTest" name="Validlogin" time="15.989"/>
  <testcase classname="com.aapoon.test.loginTest" name="invalidlogin" time="4.97">
    <failure type="java.lang.NullPointerException" message="Cannot invoke &amp;quot;org.openqa.selenium.WebElement.click()&amp;quot; because the return value of &amp;quot;com.aapoon.common.utilities.SeleniumUtilities.FindElement(String, com.aapoon.common.utilities.IDriverFactory$LocatorType)&amp;quot; is null">
      <![CDATA[java.lang.NullPointerException: Cannot invoke "org.openqa.selenium.WebElement.click()" because the return value of "com.aapoon.common.utilities.SeleniumUtilities.FindElement(String, com.aapoon.common.utilities.IDriverFactory$LocatorType)" is null
at com.aapoon.common.utilities.SeleniumUtilities.Click(SeleniumUtilities.java:33)
at com.aapoon.test.loginTest.invalidlogin(loginTest.java:38)
at java.base/java.util.ArrayList.forEach(ArrayList.java:1511)
... Removed 27 stack frames]]>
    </failure>
  </testcase> <!-- invalidlogin -->
</testsuite> <!-- Test -->
