<?xml version="1.0" encoding="UTF-8"?>
<testng-results ignored="0" total="2" passed="2" failed="0" skipped="0">
  <reporter-output>
  </reporter-output>
  <suite started-at="2024-02-16T10:20:28 IST" name="Default suite" finished-at="2024-02-16T10:21:09 IST" duration-ms="40673">
    <groups>
    </groups>
    <test started-at="2024-02-16T10:20:28 IST" name="Default test" finished-at="2024-02-16T10:21:09 IST" duration-ms="40673">
      <class name="com.aapoon.test.loginTest">
        <test-method is-config="true" signature="appLaunch()[pri:0, instance:com.aapoon.test.loginTest@386f0da3]" started-at="2024-02-16T10:20:28 IST" name="appLaunch" finished-at="2024-02-16T10:20:33 IST" duration-ms="4690" status="PASS">
          <reporter-output>
          </reporter-output>
        </test-method> <!-- appLaunch -->
        <test-method signature="invalidlogin()[pri:1, instance:com.aapoon.test.loginTest@386f0da3]" started-at="2024-02-16T10:20:33 IST" name="invalidlogin" finished-at="2024-02-16T10:20:46 IST" duration-ms="13242" status="PASS">
          <reporter-output>
          </reporter-output>
        </test-method> <!-- invalidlogin -->
        <test-method signature="Validlogin()[pri:2, instance:com.aapoon.test.loginTest@386f0da3]" started-at="2024-02-16T10:20:46 IST" name="Validlogin" finished-at="2024-02-16T10:21:09 IST" duration-ms="22713" status="PASS">
          <reporter-output>
          </reporter-output>
        </test-method> <!-- Validlogin -->
      </class> <!-- com.aapoon.test.loginTest -->
    </test> <!-- Default test -->
  </suite> <!-- Default suite -->
</testng-results>
