<?xml version="1.0" encoding="UTF-8"?>
<testng-results ignored="0" total="2" passed="2" failed="0" skipped="0">
  <reporter-output>
  </reporter-output>
  <suite started-at="2024-02-13T12:01:26 IST" name="Default suite" finished-at="2024-02-13T12:02:01 IST" duration-ms="35336">
    <groups>
    </groups>
    <test started-at="2024-02-13T12:01:26 IST" name="Default test" finished-at="2024-02-13T12:02:01 IST" duration-ms="35336">
      <class name="com.aapoon.test.loginTest">
        <test-method is-config="true" signature="appLaunch()[pri:0, instance:com.aapoon.test.loginTest@386f0da3]" started-at="2024-02-13T12:01:26 IST" name="appLaunch" finished-at="2024-02-13T12:01:39 IST" duration-ms="13322" status="PASS">
          <reporter-output>
          </reporter-output>
        </test-method> <!-- appLaunch -->
        <test-method signature="Validlogin()[pri:0, instance:com.aapoon.test.loginTest@386f0da3]" started-at="2024-02-13T12:01:39 IST" name="Validlogin" finished-at="2024-02-13T12:01:49 IST" duration-ms="10300" status="PASS">
          <reporter-output>
          </reporter-output>
        </test-method> <!-- Validlogin -->
        <test-method signature="invalidlogin()[pri:0, instance:com.aapoon.test.loginTest@386f0da3]" started-at="2024-02-13T12:01:49 IST" name="invalidlogin" finished-at="2024-02-13T12:02:01 IST" duration-ms="11679" status="PASS">
          <reporter-output>
          </reporter-output>
        </test-method> <!-- invalidlogin -->
      </class> <!-- com.aapoon.test.loginTest -->
    </test> <!-- Default test -->
  </suite> <!-- Default suite -->
</testng-results>
